09:04:38.055 [main] INFO  - launching application
09:04:40.010 [main] INFO  - 'Sign in with your email and password' - Is the text available for the locator = 'By.xpath: //android.widget.TextView[@text='Sign in with your email and password']'
09:04:40.010 [main] INFO  - 'Sign in with your email and password' - is the text available on the screen
09:04:40.294 [main] INFO  - '' has been entered in the field - 'By.xpath: //android.widget.EditText[@resource-id='signInFormUsername']'
09:04:40.457 [main] INFO  - The 'By.xpath: //android.widget.Button[@text='submit']' has been clicked
09:04:40.457 [main] INFO  - *********************************** Clicking signin button ***********************************
09:04:42.123 [main] INFO  - 'Please fill out this field. ' - Is the text available for the locator = 'By.xpath: //android.view.View[@text='Please fill out this field. ']'
09:04:42.123 [main] INFO  - **** The following error Please fill out this field.  is displayed for username field ****
09:04:42.293 [main] INFO  - <?xml version='1.0' encoding='UTF-8' standalone='yes' ?>
<hierarchy index="0" class="hierarchy" rotation="0" width="1080" height="2209">
  <android.widget.FrameLayout index="0" package="com.cranepi.mobileapp.gconnect" class="android.widget.FrameLayout" text="" checkable="false" checked="false" clickable="false" enabled="true" focusable="false" focused="false" long-clickable="false" password="false" scrollable="false" selected="false" bounds="[0,0][1080,2209]" displayed="true">
    <android.widget.LinearLayout index="0" package="com.cranepi.mobileapp.gconnect" class="android.widget.LinearLayout" text="" checkable="false" checked="false" clickable="false" enabled="true" focusable="false" focused="false" long-clickable="false" password="false" scrollable="false" selected="false" bounds="[0,0][1080,2209]" displayed="true">
      <android.widget.FrameLayout index="0" package="com.cranepi.mobileapp.gconnect" class="android.widget.FrameLayout" text="" resource-id="android:id/content" checkable="false" checked="false" clickable="false" enabled="true" focusable="false" focused="false" long-clickable="false" password="false" scrollable="false" selected="false" bounds="[0,0][1080,2209]" displayed="true">
        <android.widget.FrameLayout index="0" package="com.cranepi.mobileapp.gconnect" class="android.widget.FrameLayout" text="" checkable="false" checked="false" clickable="false" enabled="true" focusable="true" focused="false" long-clickable="false" password="false" scrollable="false" selected="false" bounds="[0,0][1080,2209]" displayed="true">
          <android.view.View index="0" package="com.cranepi.mobileapp.gconnect" class="android.view.View" text="" resource-id="" checkable="false" checked="false" clickable="false" enabled="true" focusable="false" focused="false" long-clickable="false" password="false" scrollable="false" selected="false" bounds="[0,0][1080,2209]" displayed="true">
            <android.view.View index="0" package="com.cranepi.mobileapp.gconnect" class="android.view.View" text="" resource-id="" checkable="false" checked="false" clickable="false" enabled="true" focusable="false" focused="false" long-clickable="false" password="false" scrollable="false" selected="false" bounds="[0,0][1080,2209]" displayed="true">
              <android.view.View index="0" package="com.cranepi.mobileapp.gconnect" class="android.view.View" text="" resource-id="" checkable="false" checked="false" clickable="false" enabled="true" focusable="false" focused="false" long-clickable="false" password="false" scrollable="false" selected="false" bounds="[0,0][1080,2209]" displayed="true">
                <android.view.View index="0" package="com.cranepi.mobileapp.gconnect" class="android.view.View" text="" resource-id="" checkable="false" checked="false" clickable="false" enabled="true" focusable="false" focused="false" long-clickable="false" password="false" scrollable="false" selected="false" bounds="[0,0][1080,2209]" displayed="true">
                  <android.view.View index="0" package="com.cranepi.mobileapp.gconnect" class="android.view.View" text="" content-desc="Version  1.0.31 " resource-id="" checkable="false" checked="false" clickable="true" enabled="true" focusable="true" focused="false" long-clickable="false" password="false" scrollable="false" selected="false" bounds="[0,0][1080,2209]" displayed="true">
                    <android.widget.ImageView index="0" package="com.cranepi.mobileapp.gconnect" class="android.widget.ImageView" text="" resource-id="" checkable="false" checked="false" clickable="false" enabled="true" focusable="false" focused="false" long-clickable="false" password="false" scrollable="false" selected="false" bounds="[338,207][742,417]" displayed="true" />
                    <android.widget.ImageView index="1" package="com.cranepi.mobileapp.gconnect" class="android.widget.ImageView" text="" resource-id="" checkable="false" checked="false" clickable="true" enabled="true" focusable="true" focused="false" long-clickable="false" password="false" scrollable="false" selected="false" bounds="[922,149][1028,254]" displayed="true" />
                    <android.webkit.WebView index="2" package="com.cranepi.mobileapp.gconnect" class="android.webkit.WebView" text="" checkable="false" checked="false" clickable="false" enabled="true" focusable="false" focused="false" long-clickable="false" password="false" scrollable="false" selected="false" bounds="[0,548][1080,1249]" displayed="true">
                      <android.webkit.WebView index="0" package="com.cranepi.mobileapp.gconnect" class="android.webkit.WebView" text="Signin" checkable="false" checked="false" clickable="false" enabled="true" focusable="true" focused="false" long-clickable="false" password="false" scrollable="false" selected="false" bounds="[0,548][1080,1253]" displayed="true">
                        <android.view.View index="0" package="com.cranepi.mobileapp.gconnect" class="android.view.View" text="Please fill out this field. " checkable="false" checked="false" clickable="false" enabled="true" focusable="false" focused="false" long-clickable="false" password="false" scrollable="false" selected="false" bounds="[120,920][963,1015]" displayed="true" />
                        <android.view.View index="1" package="com.cranepi.mobileapp.gconnect" class="android.view.View" text="" checkable="false" checked="false" clickable="false" enabled="true" focusable="false" focused="false" long-clickable="false" password="false" scrollable="false" selected="false" bounds="[63,571][1018,1253]" displayed="true">
                          <android.view.View index="0" package="com.cranepi.mobileapp.gconnect" class="android.view.View" text="" checkable="false" checked="false" clickable="false" enabled="true" focusable="false" focused="false" long-clickable="false" password="false" scrollable="false" selected="false" bounds="[78,571][1002,1253]" displayed="true">
                            <android.view.View index="0" package="com.cranepi.mobileapp.gconnect" class="android.view.View" text="" checkable="false" checked="false" clickable="false" enabled="true" focusable="false" focused="false" long-clickable="false" password="false" scrollable="false" selected="false" bounds="[78,702][1002,1253]" displayed="true">
                              <android.widget.TextView index="0" package="com.cranepi.mobileapp.gconnect" class="android.widget.TextView" text="Sign in with your email and password" checkable="false" checked="false" clickable="false" enabled="true" focusable="false" focused="false" long-clickable="false" password="false" scrollable="false" selected="false" bounds="[120,773][816,826]" displayed="true" />
                              <android.view.View index="1" package="com.cranepi.mobileapp.gconnect" class="android.view.View" text="" checkable="false" checked="false" clickable="false" enabled="true" focusable="false" focused="false" long-clickable="false" password="false" scrollable="false" selected="false" bounds="[120,855][963,1253]" displayed="true">
                                <android.view.View index="0" package="com.cranepi.mobileapp.gconnect" class="android.view.View" text="Email" checkable="false" checked="false" clickable="false" enabled="true" focusable="false" focused="false" long-clickable="false" password="false" scrollable="false" selected="false" bounds="[120,855][212,910]" displayed="true" />
                                <android.widget.EditText index="1" package="com.cranepi.mobileapp.gconnect" class="android.widget.EditText" text="" resource-id="signInFormUsername" checkable="false" checked="false" clickable="true" enabled="true" focusable="true" focused="true" long-clickable="false" password="false" scrollable="false" selected="false" bounds="[120,920][963,1015]" displayed="true" />
                                <android.view.View index="2" package="com.cranepi.mobileapp.gconnect" class="android.view.View" text="Password" checkable="false" checked="false" clickable="false" enabled="true" focusable="false" focused="false" long-clickable="false" password="false" scrollable="false" selected="false" bounds="[120,1010][286,1065]" displayed="true" />
                                <android.widget.EditText index="3" package="com.cranepi.mobileapp.gconnect" class="android.widget.EditText" text="" resource-id="signInFormPassword" checkable="false" checked="false" clickable="true" enabled="true" focusable="true" focused="false" long-clickable="false" password="true" scrollable="false" selected="false" bounds="[120,1075][963,1170]" displayed="true" />
                                <android.view.View index="4" package="com.cranepi.mobileapp.gconnect" class="android.view.View" text="" checkable="false" checked="false" clickable="false" enabled="true" focusable="false" focused="false" long-clickable="false" password="false" scrollable="false" selected="false" bounds="[120,1164][963,1220]" displayed="true">
                                  <android.view.View index="0" package="com.cranepi.mobileapp.gconnect" class="android.view.View" text="" content-desc="Forgot your password?" checkable="false" checked="false" clickable="true" enabled="true" focusable="true" focused="false" long-clickable="false" password="false" scrollable="false" selected="false" bounds="[120,1170][496,1217]" displayed="true">
                                    <android.widget.TextView index="0" package="com.cranepi.mobileapp.gconnect" class="android.widget.TextView" text="Forgot your password?" checkable="false" checked="false" clickable="false" enabled="true" focusable="false" focused="false" long-clickable="false" password="false" scrollable="false" selected="false" bounds="[120,1170][496,1217]" displayed="true" />
                                  </android.view.View>
                                </android.view.View>
                              </android.view.View>
                            </android.view.View>
                          </android.view.View>
                        </android.view.View>
                      </android.webkit.WebView>
                    </android.webkit.WebView>
                    <android.widget.ImageView index="3" package="com.cranepi.mobileapp.gconnect" class="android.widget.ImageView" text="" resource-id="" checkable="false" checked="false" clickable="false" enabled="true" focusable="false" focused="false" long-clickable="false" password="false" scrollable="false" selected="false" bounds="[443,1265][637,1397]" displayed="true" />
                    <android.view.View index="4" package="com.cranepi.mobileapp.gconnect" class="android.view.View" text="" content-desc="Privacy Policy" resource-id="" checkable="false" checked="false" clickable="true" enabled="true" focusable="true" focused="false" long-clickable="false" password="false" scrollable="false" selected="false" bounds="[85,1425][321,1478]" displayed="true" />
                    <android.view.View index="5" package="com.cranepi.mobileapp.gconnect" class="android.view.View" text="" content-desc="Terms &amp; Conditions" resource-id="" checkable="false" checked="false" clickable="true" enabled="true" focusable="true" focused="false" long-clickable="false" password="false" scrollable="false" selected="false" bounds="[347,1425][679,1478]" displayed="true" />
                    <android.view.View index="6" package="com.cranepi.mobileapp.gconnect" class="android.view.View" text="" content-desc="Licensing Details" resource-id="" checkable="false" checked="false" clickable="true" enabled="true" focusable="true" focused="false" long-clickable="false" password="false" scrollable="false" selected="false" bounds="[705,1425][995,1478]" displayed="true" />
                  </android.view.View>
                </android.view.View>
              </android.view.View>
            </android.view.View>
          </android.view.View>
        </android.widget.FrameLayout>
      </android.widget.FrameLayout>
    </android.widget.LinearLayout>
  </android.widget.FrameLayout>
</hierarchy>
09:04:42.521 [main] INFO  - The testcase toolTip has been completed the execution with the status as 1
